2025-12-14 05:46:27,430 - __main__ - INFO - Starting bot...
2025-12-14 05:46:28,980 - httpx - INFO - HTTP Request: POST https://api.telegram.org/bot8148810093:AAGIsDDPbtHLbi7B5W3MpgN4aTKAKgu0gVI/getMe "HTTP/1.1 200 OK"
2025-12-14 05:46:29,297 - httpx - INFO - HTTP Request: POST https://api.telegram.org/bot8148810093:AAGIsDDPbtHLbi7B5W3MpgN4aTKAKgu0gVI/deleteWebhook "HTTP/1.1 200 OK"
2025-12-14 05:46:29,299 - telegram.ext.Application - INFO - Application started
2025-12-14 05:46:40,550 - httpx - INFO - HTTP Request: POST https://api.telegram.org/bot8148810093:AAGIsDDPbtHLbi7B5W3MpgN4aTKAKgu0gVI/getUpdates "HTTP/1.1 200 OK"
2025-12-14 05:46:50,979 - httpx - INFO - HTTP Request: POST https://api.telegram.org/bot8148810093:AAGIsDDPbtHLbi7B5W3MpgN4aTKAKgu0gVI/getUpdates "HTTP/1.1 200 OK"
2025-12-14 05:47:01,335 - httpx - INFO - HTTP Request: POST https://api.telegram.org/bot8148810093:AAGIsDDPbtHLbi7B5W3MpgN4aTKAKgu0gVI/getUpdates "HTTP/1.1 200 OK"
2025-12-14 05:47:11,781 - httpx - INFO - HTTP Request: POST https://api.telegram.org/bot8148810093:AAGIsDDPbtHLbi7B5W3MpgN4aTKAKgu0gVI/getUpdates "HTTP/1.1 200 OK"
2025-12-14 05:47:22,113 - httpx - INFO - HTTP Request: POST https://api.telegram.org/bot8148810093:AAGIsDDPbtHLbi7B5W3MpgN4aTKAKgu0gVI/getUpdates "HTTP/1.1 200 OK"
2025-12-14 05:47:32,441 - httpx - INFO - HTTP Request: POST https://api.telegram.org/bot8148810093:AAGIsDDPbtHLbi7B5W3MpgN4aTKAKgu0gVI/getUpdates "HTTP/1.1 200 OK"
2025-12-14 05:47:36,153 - httpx - INFO - HTTP Request: POST https://api.telegram.org/bot8148810093:AAGIsDDPbtHLbi7B5W3MpgN4aTKAKgu0gVI/getUpdates "HTTP/1.1 200 OK"
2025-12-14 05:47:36,155 - telegram.ext.Application - INFO - Application is stopping. This might take a moment.
2025-12-14 05:47:36,155 - telegram.ext.Application - INFO - Application.stop() complete
2025-12-14 05:47:45,796 - __main__ - INFO - Starting bot...
2025-12-14 05:47:47,151 - httpx - INFO - HTTP Request: POST https://api.telegram.org/bot8148810093:AAGIsDDPbtHLbi7B5W3MpgN4aTKAKgu0gVI/getMe "HTTP/1.1 200 OK"
2025-12-14 05:47:47,468 - httpx - INFO - HTTP Request: POST https://api.telegram.org/bot8148810093:AAGIsDDPbtHLbi7B5W3MpgN4aTKAKgu0gVI/deleteWebhook "HTTP/1.1 200 OK"
2025-12-14 05:47:47,472 - telegram.ext.Application - INFO - Application started
2025-12-14 05:47:58,682 - httpx - INFO - HTTP Request: POST https://api.telegram.org/bot8148810093:AAGIsDDPbtHLbi7B5W3MpgN4aTKAKgu0gVI/getUpdates "HTTP/1.1 200 OK"
2025-12-14 05:48:09,124 - httpx - INFO - HTTP Request: POST https://api.telegram.org/bot8148810093:AAGIsDDPbtHLbi7B5W3MpgN4aTKAKgu0gVI/getUpdates "HTTP/1.1 200 OK"
2025-12-14 05:48:19,460 - httpx - INFO - HTTP Request: POST https://api.telegram.org/bot8148810093:AAGIsDDPbtHLbi7B5W3MpgN4aTKAKgu0gVI/getUpdates "HTTP/1.1 200 OK"
2025-12-14 05:48:29,793 - httpx - INFO - HTTP Request: POST https://api.telegram.org/bot8148810093:AAGIsDDPbtHLbi7B5W3MpgN4aTKAKgu0gVI/getUpdates "HTTP/1.1 200 OK"
2025-12-14 05:48:40,152 - httpx - INFO - HTTP Request: POST https://api.telegram.org/bot8148810093:AAGIsDDPbtHLbi7B5W3MpgN4aTKAKgu0gVI/getUpdates "HTTP/1.1 200 OK"
2025-12-14 05:48:50,480 - httpx - INFO - HTTP Request: POST https://api.telegram.org/bot8148810093:AAGIsDDPbtHLbi7B5W3MpgN4aTKAKgu0gVI/getUpdates "HTTP/1.1 200 OK"
2025-12-14 05:49:00,806 - httpx - INFO - HTTP Request: POST https://api.telegram.org/bot8148810093:AAGIsDDPbtHLbi7B5W3MpgN4aTKAKgu0gVI/getUpdates "HTTP/1.1 200 OK"
2025-12-14 05:49:11,182 - httpx - INFO - HTTP Request: POST https://api.telegram.org/bot8148810093:AAGIsDDPbtHLbi7B5W3MpgN4aTKAKgu0gVI/getUpdates "HTTP/1.1 200 OK"
2025-12-14 05:49:21,516 - httpx - INFO - HTTP Request: POST https://api.telegram.org/bot8148810093:AAGIsDDPbtHLbi7B5W3MpgN4aTKAKgu0gVI/getUpdates "HTTP/1.1 200 OK"
2025-12-14 05:49:31,938 - httpx - INFO - HTTP Request: POST https://api.telegram.org/bot8148810093:AAGIsDDPbtHLbi7B5W3MpgN4aTKAKgu0gVI/getUpdates "HTTP/1.1 200 OK"
2025-12-14 05:49:42,266 - httpx - INFO - HTTP Request: POST https://api.telegram.org/bot8148810093:AAGIsDDPbtHLbi7B5W3MpgN4aTKAKgu0gVI/getUpdates "HTTP/1.1 200 OK"
2025-12-14 05:49:52,597 - httpx - INFO - HTTP Request: POST https://api.telegram.org/bot8148810093:AAGIsDDPbtHLbi7B5W3MpgN4aTKAKgu0gVI/getUpdates "HTTP/1.1 200 OK"
2025-12-14 05:50:03,716 - httpx - INFO - HTTP Request: POST https://api.telegram.org/bot8148810093:AAGIsDDPbtHLbi7B5W3MpgN4aTKAKgu0gVI/getUpdates "HTTP/1.1 200 OK"
2025-12-14 05:50:03,718 - telegram.ext.Application - INFO - Application is stopping. This might take a moment.
2025-12-14 05:50:03,719 - telegram.ext.Application - INFO - Application.stop() complete
2025-12-14 05:50:05,264 - __main__ - INFO - Starting bot...
2025-12-14 05:50:06,503 - httpx - INFO - HTTP Request: POST https://api.telegram.org/bot8148810093:AAGIsDDPbtHLbi7B5W3MpgN4aTKAKgu0gVI/getMe "HTTP/1.1 200 OK"
2025-12-14 05:50:06,836 - httpx - INFO - HTTP Request: POST https://api.telegram.org/bot8148810093:AAGIsDDPbtHLbi7B5W3MpgN4aTKAKgu0gVI/deleteWebhook "HTTP/1.1 200 OK"
2025-12-14 05:50:06,840 - telegram.ext.Application - INFO - Application started
2025-12-14 05:50:18,009 - httpx - INFO - HTTP Request: POST https://api.telegram.org/bot8148810093:AAGIsDDPbtHLbi7B5W3MpgN4aTKAKgu0gVI/getUpdates "HTTP/1.1 200 OK"
2025-12-14 05:50:28,390 - httpx - INFO - HTTP Request: POST https://api.telegram.org/bot8148810093:AAGIsDDPbtHLbi7B5W3MpgN4aTKAKgu0gVI/getUpdates "HTTP/1.1 200 OK"
2025-12-14 05:50:38,733 - httpx - INFO - HTTP Request: POST https://api.telegram.org/bot8148810093:AAGIsDDPbtHLbi7B5W3MpgN4aTKAKgu0gVI/getUpdates "HTTP/1.1 200 OK"
2025-12-14 05:50:49,077 - httpx - INFO - HTTP Request: POST https://api.telegram.org/bot8148810093:AAGIsDDPbtHLbi7B5W3MpgN4aTKAKgu0gVI/getUpdates "HTTP/1.1 200 OK"
2025-12-14 05:50:59,395 - httpx - INFO - HTTP Request: POST https://api.telegram.org/bot8148810093:AAGIsDDPbtHLbi7B5W3MpgN4aTKAKgu0gVI/getUpdates "HTTP/1.1 200 OK"
2025-12-14 05:51:09,760 - httpx - INFO - HTTP Request: POST https://api.telegram.org/bot8148810093:AAGIsDDPbtHLbi7B5W3MpgN4aTKAKgu0gVI/getUpdates "HTTP/1.1 200 OK"
2025-12-14 05:51:20,079 - httpx - INFO - HTTP Request: POST https://api.telegram.org/bot8148810093:AAGIsDDPbtHLbi7B5W3MpgN4aTKAKgu0gVI/getUpdates "HTTP/1.1 200 OK"
2025-12-14 05:51:30,394 - httpx - INFO - HTTP Request: POST https://api.telegram.org/bot8148810093:AAGIsDDPbtHLbi7B5W3MpgN4aTKAKgu0gVI/getUpdates "HTTP/1.1 200 OK"
2025-12-14 05:51:40,787 - httpx - INFO - HTTP Request: POST https://api.telegram.org/bot8148810093:AAGIsDDPbtHLbi7B5W3MpgN4aTKAKgu0gVI/getUpdates "HTTP/1.1 200 OK"
2025-12-14 05:51:51,232 - httpx - INFO - HTTP Request: POST https://api.telegram.org/bot8148810093:AAGIsDDPbtHLbi7B5W3MpgN4aTKAKgu0gVI/getUpdates "HTTP/1.1 200 OK"
2025-12-14 05:52:01,545 - httpx - INFO - HTTP Request: POST https://api.telegram.org/bot8148810093:AAGIsDDPbtHLbi7B5W3MpgN4aTKAKgu0gVI/getUpdates "HTTP/1.1 200 OK"
2025-12-14 05:52:08,626 - __main__ - INFO - Starting bot...
2025-12-14 05:52:09,914 - httpx - INFO - HTTP Request: POST https://api.telegram.org/bot8078121735:AAFN_wdDGW16o8EMaxqFSyuBV2rzaZZjXtI/getMe "HTTP/1.1 200 OK"
2025-12-14 05:52:10,243 - httpx - INFO - HTTP Request: POST https://api.telegram.org/bot8078121735:AAFN_wdDGW16o8EMaxqFSyuBV2rzaZZjXtI/deleteWebhook "HTTP/1.1 200 OK"
2025-12-14 05:52:10,247 - telegram.ext.Application - INFO - Application started
2025-12-14 05:52:15,386 - httpx - INFO - HTTP Request: POST https://api.telegram.org/bot8078121735:AAFN_wdDGW16o8EMaxqFSyuBV2rzaZZjXtI/getUpdates "HTTP/1.1 200 OK"
2025-12-14 05:52:16,790 - httpx - INFO - HTTP Request: POST https://api.telegram.org/bot8078121735:AAFN_wdDGW16o8EMaxqFSyuBV2rzaZZjXtI/sendMessage "HTTP/1.1 200 OK"
2025-12-14 05:52:17,137 - httpx - INFO - HTTP Request: POST https://api.telegram.org/bot8078121735:AAFN_wdDGW16o8EMaxqFSyuBV2rzaZZjXtI/sendMessage "HTTP/1.1 200 OK"
2025-12-14 05:52:20,365 - httpx - INFO - HTTP Request: POST https://api.telegram.org/bot8078121735:AAFN_wdDGW16o8EMaxqFSyuBV2rzaZZjXtI/getUpdates "HTTP/1.1 200 OK"
2025-12-14 05:52:20,907 - httpx - INFO - HTTP Request: POST https://api.telegram.org/bot8078121735:AAFN_wdDGW16o8EMaxqFSyuBV2rzaZZjXtI/sendMessage "HTTP/1.1 200 OK"
2025-12-14 05:52:22,322 - httpx - INFO - HTTP Request: POST https://api.telegram.org/bot8078121735:AAFN_wdDGW16o8EMaxqFSyuBV2rzaZZjXtI/getUpdates "HTTP/1.1 200 OK"
2025-12-14 05:52:22,714 - httpx - INFO - HTTP Request: POST https://api.telegram.org/bot8078121735:AAFN_wdDGW16o8EMaxqFSyuBV2rzaZZjXtI/sendMessage "HTTP/1.1 200 OK"
2025-12-14 05:52:23,078 - httpx - INFO - HTTP Request: POST https://api.telegram.org/bot8078121735:AAFN_wdDGW16o8EMaxqFSyuBV2rzaZZjXtI/sendMessage "HTTP/1.1 200 OK"
2025-12-14 05:52:23,439 - httpx - INFO - HTTP Request: POST https://api.telegram.org/bot8078121735:AAFN_wdDGW16o8EMaxqFSyuBV2rzaZZjXtI/sendMessage "HTTP/1.1 200 OK"
2025-12-14 05:52:23,801 - httpx - INFO - HTTP Request: POST https://api.telegram.org/bot8078121735:AAFN_wdDGW16o8EMaxqFSyuBV2rzaZZjXtI/sendMessage "HTTP/1.1 200 OK"
2025-12-14 05:52:24,177 - httpx - INFO - HTTP Request: POST https://api.telegram.org/bot8078121735:AAFN_wdDGW16o8EMaxqFSyuBV2rzaZZjXtI/sendMessage "HTTP/1.1 200 OK"
2025-12-14 05:52:24,544 - httpx - INFO - HTTP Request: POST https://api.telegram.org/bot8078121735:AAFN_wdDGW16o8EMaxqFSyuBV2rzaZZjXtI/sendMessage "HTTP/1.1 200 OK"
2025-12-14 05:52:25,762 - httpx - INFO - HTTP Request: POST https://api.telegram.org/bot8078121735:AAFN_wdDGW16o8EMaxqFSyuBV2rzaZZjXtI/getUpdates "HTTP/1.1 200 OK"
2025-12-14 05:52:26,123 - httpx - INFO - HTTP Request: POST https://api.telegram.org/bot8078121735:AAFN_wdDGW16o8EMaxqFSyuBV2rzaZZjXtI/sendMessage "HTTP/1.1 200 OK"
2025-12-14 05:52:27,987 - httpx - INFO - HTTP Request: POST https://api.telegram.org/bot8078121735:AAFN_wdDGW16o8EMaxqFSyuBV2rzaZZjXtI/getUpdates "HTTP/1.1 200 OK"
2025-12-14 05:52:28,356 - httpx - INFO - HTTP Request: POST https://api.telegram.org/bot8078121735:AAFN_wdDGW16o8EMaxqFSyuBV2rzaZZjXtI/sendMessage "HTTP/1.1 200 OK"
2025-12-14 05:52:30,247 - httpx - INFO - HTTP Request: POST https://api.telegram.org/bot8078121735:AAFN_wdDGW16o8EMaxqFSyuBV2rzaZZjXtI/getUpdates "HTTP/1.1 200 OK"
2025-12-14 05:52:32,450 - httpx - INFO - HTTP Request: POST https://api.telegram.org/bot8078121735:AAFN_wdDGW16o8EMaxqFSyuBV2rzaZZjXtI/sendVideo "HTTP/1.1 200 OK"
2025-12-14 05:52:40,897 - httpx - INFO - HTTP Request: POST https://api.telegram.org/bot8078121735:AAFN_wdDGW16o8EMaxqFSyuBV2rzaZZjXtI/getUpdates "HTTP/1.1 200 OK"
2025-12-14 05:52:45,811 - httpx - INFO - HTTP Request: POST https://api.telegram.org/bot8078121735:AAFN_wdDGW16o8EMaxqFSyuBV2rzaZZjXtI/getUpdates "HTTP/1.1 200 OK"
2025-12-14 05:52:45,812 - telegram.ext.Application - INFO - Application is stopping. This might take a moment.
2025-12-14 05:52:45,812 - telegram.ext.Application - INFO - Application.stop() complete
2025-12-14 06:04:33,095 - __main__ - INFO - Starting bot...
2025-12-14 06:04:34,617 - httpx - INFO - HTTP Request: POST https://api.telegram.org/bot8078121735:AAFN_wdDGW16o8EMaxqFSyuBV2rzaZZjXtI/getMe "HTTP/1.1 200 OK"
2025-12-14 06:04:34,928 - httpx - INFO - HTTP Request: POST https://api.telegram.org/bot8078121735:AAFN_wdDGW16o8EMaxqFSyuBV2rzaZZjXtI/deleteWebhook "HTTP/1.1 200 OK"
2025-12-14 06:04:34,932 - telegram.ext.Application - INFO - Application started
2025-12-14 06:04:41,016 - httpx - INFO - HTTP Request: POST https://api.telegram.org/bot8078121735:AAFN_wdDGW16o8EMaxqFSyuBV2rzaZZjXtI/getUpdates "HTTP/1.1 200 OK"
2025-12-14 06:04:42,303 - httpx - INFO - HTTP Request: POST https://api.telegram.org/bot8078121735:AAFN_wdDGW16o8EMaxqFSyuBV2rzaZZjXtI/sendMessage "HTTP/1.1 200 OK"
2025-12-14 06:04:42,701 - httpx - INFO - HTTP Request: POST https://api.telegram.org/bot8078121735:AAFN_wdDGW16o8EMaxqFSyuBV2rzaZZjXtI/sendMessage "HTTP/1.1 200 OK"
2025-12-14 06:04:43,767 - httpx - INFO - HTTP Request: POST https://api.telegram.org/bot8078121735:AAFN_wdDGW16o8EMaxqFSyuBV2rzaZZjXtI/getUpdates "HTTP/1.1 200 OK"
2025-12-14 06:04:44,163 - httpx - INFO - HTTP Request: POST https://api.telegram.org/bot8078121735:AAFN_wdDGW16o8EMaxqFSyuBV2rzaZZjXtI/sendMessage "HTTP/1.1 200 OK"
2025-12-14 06:04:44,533 - httpx - INFO - HTTP Request: POST https://api.telegram.org/bot8078121735:AAFN_wdDGW16o8EMaxqFSyuBV2rzaZZjXtI/sendMessage "HTTP/1.1 200 OK"
2025-12-14 06:04:44,911 - httpx - INFO - HTTP Request: POST https://api.telegram.org/bot8078121735:AAFN_wdDGW16o8EMaxqFSyuBV2rzaZZjXtI/sendMessage "HTTP/1.1 200 OK"
2025-12-14 06:04:45,285 - httpx - INFO - HTTP Request: POST https://api.telegram.org/bot8078121735:AAFN_wdDGW16o8EMaxqFSyuBV2rzaZZjXtI/sendMessage "HTTP/1.1 200 OK"
2025-12-14 06:04:45,659 - httpx - INFO - HTTP Request: POST https://api.telegram.org/bot8078121735:AAFN_wdDGW16o8EMaxqFSyuBV2rzaZZjXtI/sendMessage "HTTP/1.1 200 OK"
2025-12-14 06:04:46,021 - httpx - INFO - HTTP Request: POST https://api.telegram.org/bot8078121735:AAFN_wdDGW16o8EMaxqFSyuBV2rzaZZjXtI/sendMessage "HTTP/1.1 200 OK"
2025-12-14 06:04:47,850 - httpx - INFO - HTTP Request: POST https://api.telegram.org/bot8078121735:AAFN_wdDGW16o8EMaxqFSyuBV2rzaZZjXtI/getUpdates "HTTP/1.1 200 OK"
2025-12-14 06:04:48,188 - httpx - INFO - HTTP Request: POST https://api.telegram.org/bot8078121735:AAFN_wdDGW16o8EMaxqFSyuBV2rzaZZjXtI/answerCallbackQuery "HTTP/1.1 200 OK"
2025-12-14 06:04:48,591 - httpx - INFO - HTTP Request: POST https://api.telegram.org/bot8078121735:AAFN_wdDGW16o8EMaxqFSyuBV2rzaZZjXtI/sendMessage "HTTP/1.1 200 OK"
2025-12-14 06:04:52,989 - httpx - INFO - HTTP Request: POST https://api.telegram.org/bot8078121735:AAFN_wdDGW16o8EMaxqFSyuBV2rzaZZjXtI/getUpdates "HTTP/1.1 200 OK"
2025-12-14 06:04:53,329 - httpx - INFO - HTTP Request: POST https://api.telegram.org/bot8078121735:AAFN_wdDGW16o8EMaxqFSyuBV2rzaZZjXtI/getFile "HTTP/1.1 200 OK"
2025-12-14 06:04:53,795 - httpx - INFO - HTTP Request: GET https://api.telegram.org/file/bot8078121735%3AAAFN_wdDGW16o8EMaxqFSyuBV2rzaZZjXtI/photos/file_754.jpg "HTTP/1.1 200 OK"
2025-12-14 06:04:54,494 - httpx - INFO - HTTP Request: POST https://api.telegram.org/bot8078121735:AAFN_wdDGW16o8EMaxqFSyuBV2rzaZZjXtI/sendMessage "HTTP/1.1 200 OK"
2025-12-14 06:04:54,863 - __main__ - ERROR - Image processing error: /usr/bin/tesseract is not installed or it's not in your PATH. See README file for more information.
2025-12-14 06:04:55,218 - httpx - INFO - HTTP Request: POST https://api.telegram.org/bot8078121735:AAFN_wdDGW16o8EMaxqFSyuBV2rzaZZjXtI/sendMessage "HTTP/1.1 200 OK"
2025-12-14 06:04:55,734 - httpx - INFO - HTTP Request: POST https://api.telegram.org/bot8078121735:AAFN_wdDGW16o8EMaxqFSyuBV2rzaZZjXtI/deleteMessage "HTTP/1.1 200 OK"
2025-12-14 06:05:03,313 - httpx - INFO - HTTP Request: POST https://api.telegram.org/bot8078121735:AAFN_wdDGW16o8EMaxqFSyuBV2rzaZZjXtI/getUpdates "HTTP/1.1 200 OK"
2025-12-14 06:05:13,761 - httpx - INFO - HTTP Request: POST https://api.telegram.org/bot8078121735:AAFN_wdDGW16o8EMaxqFSyuBV2rzaZZjXtI/getUpdates "HTTP/1.1 200 OK"
2025-12-14 06:05:24,106 - httpx - INFO - HTTP Request: POST https://api.telegram.org/bot8078121735:AAFN_wdDGW16o8EMaxqFSyuBV2rzaZZjXtI/getUpdates "HTTP/1.1 200 OK"
2025-12-14 06:05:34,678 - httpx - INFO - HTTP Request: POST https://api.telegram.org/bot8078121735:AAFN_wdDGW16o8EMaxqFSyuBV2rzaZZjXtI/getUpdates "HTTP/1.1 200 OK"
2025-12-14 06:05:45,093 - httpx - INFO - HTTP Request: POST https://api.telegram.org/bot8078121735:AAFN_wdDGW16o8EMaxqFSyuBV2rzaZZjXtI/getUpdates "HTTP/1.1 200 OK"
2025-12-14 06:05:55,415 - httpx - INFO - HTTP Request: POST https://api.telegram.org/bot8078121735:AAFN_wdDGW16o8EMaxqFSyuBV2rzaZZjXtI/getUpdates "HTTP/1.1 200 OK"
2025-12-14 06:06:05,737 - httpx - INFO - HTTP Request: POST https://api.telegram.org/bot8078121735:AAFN_wdDGW16o8EMaxqFSyuBV2rzaZZjXtI/getUpdates "HTTP/1.1 200 OK"
2025-12-14 06:06:16,053 - httpx - INFO - HTTP Request: POST https://api.telegram.org/bot8078121735:AAFN_wdDGW16o8EMaxqFSyuBV2rzaZZjXtI/getUpdates "HTTP/1.1 200 OK"
2025-12-14 06:06:26,523 - httpx - INFO - HTTP Request: POST https://api.telegram.org/bot8078121735:AAFN_wdDGW16o8EMaxqFSyuBV2rzaZZjXtI/getUpdates "HTTP/1.1 200 OK"
2025-12-14 06:06:36,838 - httpx - INFO - HTTP Request: POST https://api.telegram.org/bot8078121735:AAFN_wdDGW16o8EMaxqFSyuBV2rzaZZjXtI/getUpdates "HTTP/1.1 200 OK"
2025-12-14 06:06:47,152 - httpx - INFO - HTTP Request: POST https://api.telegram.org/bot8078121735:AAFN_wdDGW16o8EMaxqFSyuBV2rzaZZjXtI/getUpdates "HTTP/1.1 200 OK"
2025-12-14 06:06:57,469 - httpx - INFO - HTTP Request: POST https://api.telegram.org/bot8078121735:AAFN_wdDGW16o8EMaxqFSyuBV2rzaZZjXtI/getUpdates "HTTP/1.1 200 OK"
2025-12-14 06:07:07,789 - httpx - INFO - HTTP Request: POST https://api.telegram.org/bot8078121735:AAFN_wdDGW16o8EMaxqFSyuBV2rzaZZjXtI/getUpdates "HTTP/1.1 200 OK"
2025-12-14 06:07:18,178 - httpx - INFO - HTTP Request: POST https://api.telegram.org/bot8078121735:AAFN_wdDGW16o8EMaxqFSyuBV2rzaZZjXtI/getUpdates "HTTP/1.1 200 OK"
2025-12-14 06:07:28,495 - httpx - INFO - HTTP Request: POST https://api.telegram.org/bot8078121735:AAFN_wdDGW16o8EMaxqFSyuBV2rzaZZjXtI/getUpdates "HTTP/1.1 200 OK"
2025-12-14 06:07:38,812 - httpx - INFO - HTTP Request: POST https://api.telegram.org/bot8078121735:AAFN_wdDGW16o8EMaxqFSyuBV2rzaZZjXtI/getUpdates "HTTP/1.1 200 OK"
2025-12-14 06:07:49,134 - httpx - INFO - HTTP Request: POST https://api.telegram.org/bot8078121735:AAFN_wdDGW16o8EMaxqFSyuBV2rzaZZjXtI/getUpdates "HTTP/1.1 200 OK"
2025-12-14 06:07:59,451 - httpx - INFO - HTTP Request: POST https://api.telegram.org/bot8078121735:AAFN_wdDGW16o8EMaxqFSyuBV2rzaZZjXtI/getUpdates "HTTP/1.1 200 OK"
2025-12-14 06:08:09,772 - httpx - INFO - HTTP Request: POST https://api.telegram.org/bot8078121735:AAFN_wdDGW16o8EMaxqFSyuBV2rzaZZjXtI/getUpdates "HTTP/1.1 200 OK"
2025-12-14 06:08:20,091 - httpx - INFO - HTTP Request: POST https://api.telegram.org/bot8078121735:AAFN_wdDGW16o8EMaxqFSyuBV2rzaZZjXtI/getUpdates "HTTP/1.1 200 OK"
2025-12-14 06:08:30,454 - httpx - INFO - HTTP Request: POST https://api.telegram.org/bot8078121735:AAFN_wdDGW16o8EMaxqFSyuBV2rzaZZjXtI/getUpdates "HTTP/1.1 200 OK"
2025-12-14 06:08:41,226 - httpx - INFO - HTTP Request: POST https://api.telegram.org/bot8078121735:AAFN_wdDGW16o8EMaxqFSyuBV2rzaZZjXtI/getUpdates "HTTP/1.1 200 OK"
2025-12-14 06:08:51,980 - httpx - INFO - HTTP Request: POST https://api.telegram.org/bot8078121735:AAFN_wdDGW16o8EMaxqFSyuBV2rzaZZjXtI/getUpdates "HTTP/1.1 200 OK"
2025-12-14 06:09:02,362 - httpx - INFO - HTTP Request: POST https://api.telegram.org/bot8078121735:AAFN_wdDGW16o8EMaxqFSyuBV2rzaZZjXtI/getUpdates "HTTP/1.1 200 OK"
2025-12-14 06:09:12,678 - httpx - INFO - HTTP Request: POST https://api.telegram.org/bot8078121735:AAFN_wdDGW16o8EMaxqFSyuBV2rzaZZjXtI/getUpdates "HTTP/1.1 200 OK"
2025-12-14 06:09:22,995 - httpx - INFO - HTTP Request: POST https://api.telegram.org/bot8078121735:AAFN_wdDGW16o8EMaxqFSyuBV2rzaZZjXtI/getUpdates "HTTP/1.1 200 OK"
2025-12-14 06:09:33,312 - httpx - INFO - HTTP Request: POST https://api.telegram.org/bot8078121735:AAFN_wdDGW16o8EMaxqFSyuBV2rzaZZjXtI/getUpdates "HTTP/1.1 200 OK"
2025-12-14 06:09:43,628 - httpx - INFO - HTTP Request: POST https://api.telegram.org/bot8078121735:AAFN_wdDGW16o8EMaxqFSyuBV2rzaZZjXtI/getUpdates "HTTP/1.1 200 OK"
2025-12-14 06:09:53,948 - httpx - INFO - HTTP Request: POST https://api.telegram.org/bot8078121735:AAFN_wdDGW16o8EMaxqFSyuBV2rzaZZjXtI/getUpdates "HTTP/1.1 200 OK"
2025-12-14 06:10:04,271 - httpx - INFO - HTTP Request: POST https://api.telegram.org/bot8078121735:AAFN_wdDGW16o8EMaxqFSyuBV2rzaZZjXtI/getUpdates "HTTP/1.1 200 OK"
2025-12-14 06:10:14,613 - httpx - INFO - HTTP Request: POST https://api.telegram.org/bot8078121735:AAFN_wdDGW16o8EMaxqFSyuBV2rzaZZjXtI/getUpdates "HTTP/1.1 200 OK"
2025-12-14 06:10:24,928 - httpx - INFO - HTTP Request: POST https://api.telegram.org/bot8078121735:AAFN_wdDGW16o8EMaxqFSyuBV2rzaZZjXtI/getUpdates "HTTP/1.1 200 OK"
2025-12-14 06:10:35,245 - httpx - INFO - HTTP Request: POST https://api.telegram.org/bot8078121735:AAFN_wdDGW16o8EMaxqFSyuBV2rzaZZjXtI/getUpdates "HTTP/1.1 200 OK"
2025-12-14 06:10:45,564 - httpx - INFO - HTTP Request: POST https://api.telegram.org/bot8078121735:AAFN_wdDGW16o8EMaxqFSyuBV2rzaZZjXtI/getUpdates "HTTP/1.1 200 OK"
2025-12-14 06:10:55,887 - httpx - INFO - HTTP Request: POST https://api.telegram.org/bot8078121735:AAFN_wdDGW16o8EMaxqFSyuBV2rzaZZjXtI/getUpdates "HTTP/1.1 200 OK"
2025-12-14 06:11:06,209 - httpx - INFO - HTTP Request: POST https://api.telegram.org/bot8078121735:AAFN_wdDGW16o8EMaxqFSyuBV2rzaZZjXtI/getUpdates "HTTP/1.1 200 OK"
2025-12-14 06:11:16,670 - httpx - INFO - HTTP Request: POST https://api.telegram.org/bot8078121735:AAFN_wdDGW16o8EMaxqFSyuBV2rzaZZjXtI/getUpdates "HTTP/1.1 200 OK"
2025-12-14 06:11:26,988 - httpx - INFO - HTTP Request: POST https://api.telegram.org/bot8078121735:AAFN_wdDGW16o8EMaxqFSyuBV2rzaZZjXtI/getUpdates "HTTP/1.1 200 OK"
2025-12-14 06:11:37,349 - httpx - INFO - HTTP Request: POST https://api.telegram.org/bot8078121735:AAFN_wdDGW16o8EMaxqFSyuBV2rzaZZjXtI/getUpdates "HTTP/1.1 200 OK"
2025-12-14 06:11:47,666 - httpx - INFO - HTTP Request: POST https://api.telegram.org/bot8078121735:AAFN_wdDGW16o8EMaxqFSyuBV2rzaZZjXtI/getUpdates "HTTP/1.1 200 OK"
2025-12-14 06:11:57,992 - httpx - INFO - HTTP Request: POST https://api.telegram.org/bot8078121735:AAFN_wdDGW16o8EMaxqFSyuBV2rzaZZjXtI/getUpdates "HTTP/1.1 200 OK"
2025-12-14 06:12:08,316 - httpx - INFO - HTTP Request: POST https://api.telegram.org/bot8078121735:AAFN_wdDGW16o8EMaxqFSyuBV2rzaZZjXtI/getUpdates "HTTP/1.1 200 OK"
2025-12-14 06:12:18,644 - httpx - INFO - HTTP Request: POST https://api.telegram.org/bot8078121735:AAFN_wdDGW16o8EMaxqFSyuBV2rzaZZjXtI/getUpdates "HTTP/1.1 200 OK"
2025-12-14 06:12:24,460 - httpx - INFO - HTTP Request: POST https://api.telegram.org/bot8078121735:AAFN_wdDGW16o8EMaxqFSyuBV2rzaZZjXtI/getUpdates "HTTP/1.1 200 OK"
2025-12-14 06:12:24,462 - telegram.ext.Application - INFO - Application is stopping. This might take a moment.
2025-12-14 06:12:24,463 - telegram.ext.Application - INFO - Application.stop() complete
2025-12-14 06:13:16,334 - __main__ - INFO - Starting bot...
2025-12-14 06:13:17,928 - httpx - INFO - HTTP Request: POST https://api.telegram.org/bot8078121735:AAFN_wdDGW16o8EMaxqFSyuBV2rzaZZjXtI/getMe "HTTP/1.1 200 OK"
2025-12-14 06:13:18,253 - httpx - INFO - HTTP Request: POST https://api.telegram.org/bot8078121735:AAFN_wdDGW16o8EMaxqFSyuBV2rzaZZjXtI/deleteWebhook "HTTP/1.1 200 OK"
2025-12-14 06:13:18,257 - telegram.ext.Application - INFO - Application started
2025-12-14 06:13:22,726 - httpx - INFO - HTTP Request: POST https://api.telegram.org/bot8078121735:AAFN_wdDGW16o8EMaxqFSyuBV2rzaZZjXtI/getUpdates "HTTP/1.1 200 OK"
2025-12-14 06:13:23,165 - httpx - INFO - HTTP Request: POST https://api.telegram.org/bot8078121735:AAFN_wdDGW16o8EMaxqFSyuBV2rzaZZjXtI/sendMessage "HTTP/1.1 200 OK"
2025-12-14 06:13:23,509 - httpx - INFO - HTTP Request: POST https://api.telegram.org/bot8078121735:AAFN_wdDGW16o8EMaxqFSyuBV2rzaZZjXtI/sendMessage "HTTP/1.1 200 OK"
2025-12-14 06:13:25,178 - httpx - INFO - HTTP Request: POST https://api.telegram.org/bot8078121735:AAFN_wdDGW16o8EMaxqFSyuBV2rzaZZjXtI/getUpdates "HTTP/1.1 200 OK"
2025-12-14 06:13:25,582 - httpx - INFO - HTTP Request: POST https://api.telegram.org/bot8078121735:AAFN_wdDGW16o8EMaxqFSyuBV2rzaZZjXtI/sendMessage "HTTP/1.1 200 OK"
2025-12-14 06:13:25,928 - httpx - INFO - HTTP Request: POST https://api.telegram.org/bot8078121735:AAFN_wdDGW16o8EMaxqFSyuBV2rzaZZjXtI/sendMessage "HTTP/1.1 200 OK"
2025-12-14 06:13:27,128 - httpx - INFO - HTTP Request: POST https://api.telegram.org/bot8078121735:AAFN_wdDGW16o8EMaxqFSyuBV2rzaZZjXtI/getUpdates "HTTP/1.1 200 OK"
2025-12-14 06:13:27,498 - httpx - INFO - HTTP Request: POST https://api.telegram.org/bot8078121735:AAFN_wdDGW16o8EMaxqFSyuBV2rzaZZjXtI/sendMessage "HTTP/1.1 200 OK"
2025-12-14 06:13:27,848 - httpx - INFO - HTTP Request: POST https://api.telegram.org/bot8078121735:AAFN_wdDGW16o8EMaxqFSyuBV2rzaZZjXtI/sendMessage "HTTP/1.1 200 OK"
2025-12-14 06:13:30,154 - httpx - INFO - HTTP Request: POST https://api.telegram.org/bot8078121735:AAFN_wdDGW16o8EMaxqFSyuBV2rzaZZjXtI/getUpdates "HTTP/1.1 200 OK"
2025-12-14 06:13:30,497 - httpx - INFO - HTTP Request: POST https://api.telegram.org/bot8078121735:AAFN_wdDGW16o8EMaxqFSyuBV2rzaZZjXtI/sendMessage "HTTP/1.1 200 OK"
2025-12-14 06:13:30,847 - httpx - INFO - HTTP Request: POST https://api.telegram.org/bot8078121735:AAFN_wdDGW16o8EMaxqFSyuBV2rzaZZjXtI/sendMessage "HTTP/1.1 200 OK"
2025-12-14 06:13:33,702 - httpx - INFO - HTTP Request: POST https://api.telegram.org/bot8078121735:AAFN_wdDGW16o8EMaxqFSyuBV2rzaZZjXtI/getUpdates "HTTP/1.1 200 OK"
2025-12-14 06:13:36,344 - httpx - INFO - HTTP Request: POST https://api.telegram.org/bot8078121735:AAFN_wdDGW16o8EMaxqFSyuBV2rzaZZjXtI/sendVideo "HTTP/1.1 200 OK"
2025-12-14 06:13:37,515 - httpx - INFO - HTTP Request: POST https://api.telegram.org/bot8078121735:AAFN_wdDGW16o8EMaxqFSyuBV2rzaZZjXtI/getUpdates "HTTP/1.1 200 OK"
2025-12-14 06:13:37,865 - httpx - INFO - HTTP Request: POST https://api.telegram.org/bot8078121735:AAFN_wdDGW16o8EMaxqFSyuBV2rzaZZjXtI/sendMessage "HTTP/1.1 200 OK"
2025-12-14 06:13:38,225 - httpx - INFO - HTTP Request: POST https://api.telegram.org/bot8078121735:AAFN_wdDGW16o8EMaxqFSyuBV2rzaZZjXtI/sendMessage "HTTP/1.1 200 OK"
2025-12-14 06:13:39,700 - httpx - INFO - HTTP Request: POST https://api.telegram.org/bot8078121735:AAFN_wdDGW16o8EMaxqFSyuBV2rzaZZjXtI/getUpdates "HTTP/1.1 200 OK"
2025-12-14 06:13:40,056 - httpx - INFO - HTTP Request: POST https://api.telegram.org/bot8078121735:AAFN_wdDGW16o8EMaxqFSyuBV2rzaZZjXtI/sendMessage "HTTP/1.1 200 OK"
2025-12-14 06:13:40,405 - httpx - INFO - HTTP Request: POST https://api.telegram.org/bot8078121735:AAFN_wdDGW16o8EMaxqFSyuBV2rzaZZjXtI/sendMessage "HTTP/1.1 200 OK"
2025-12-14 06:13:43,332 - httpx - INFO - HTTP Request: POST https://api.telegram.org/bot8078121735:AAFN_wdDGW16o8EMaxqFSyuBV2rzaZZjXtI/getUpdates "HTTP/1.1 200 OK"
2025-12-14 06:13:43,734 - httpx - INFO - HTTP Request: POST https://api.telegram.org/bot8078121735:AAFN_wdDGW16o8EMaxqFSyuBV2rzaZZjXtI/sendMessage "HTTP/1.1 200 OK"
2025-12-14 06:13:44,098 - httpx - INFO - HTTP Request: POST https://api.telegram.org/bot8078121735:AAFN_wdDGW16o8EMaxqFSyuBV2rzaZZjXtI/sendMessage "HTTP/1.1 200 OK"
2025-12-14 06:13:44,464 - httpx - INFO - HTTP Request: POST https://api.telegram.org/bot8078121735:AAFN_wdDGW16o8EMaxqFSyuBV2rzaZZjXtI/sendMessage "HTTP/1.1 200 OK"
2025-12-14 06:13:44,838 - httpx - INFO - HTTP Request: POST https://api.telegram.org/bot8078121735:AAFN_wdDGW16o8EMaxqFSyuBV2rzaZZjXtI/sendMessage "HTTP/1.1 200 OK"
2025-12-14 06:13:45,196 - httpx - INFO - HTTP Request: POST https://api.telegram.org/bot8078121735:AAFN_wdDGW16o8EMaxqFSyuBV2rzaZZjXtI/sendMessage "HTTP/1.1 200 OK"
2025-12-14 06:13:45,563 - httpx - INFO - HTTP Request: POST https://api.telegram.org/bot8078121735:AAFN_wdDGW16o8EMaxqFSyuBV2rzaZZjXtI/sendMessage "HTTP/1.1 200 OK"
2025-12-14 06:13:46,739 - httpx - INFO - HTTP Request: POST https://api.telegram.org/bot8078121735:AAFN_wdDGW16o8EMaxqFSyuBV2rzaZZjXtI/getUpdates "HTTP/1.1 200 OK"
2025-12-14 06:13:47,072 - httpx - INFO - HTTP Request: POST https://api.telegram.org/bot8078121735:AAFN_wdDGW16o8EMaxqFSyuBV2rzaZZjXtI/answerCallbackQuery "HTTP/1.1 200 OK"
2025-12-14 06:13:47,510 - httpx - INFO - HTTP Request: POST https://api.telegram.org/bot8078121735:AAFN_wdDGW16o8EMaxqFSyuBV2rzaZZjXtI/sendMessage "HTTP/1.1 200 OK"
2025-12-14 06:13:57,160 - httpx - INFO - HTTP Request: POST https://api.telegram.org/bot8078121735:AAFN_wdDGW16o8EMaxqFSyuBV2rzaZZjXtI/getUpdates "HTTP/1.1 200 OK"
2025-12-14 06:13:59,290 - httpx - INFO - HTTP Request: POST https://api.telegram.org/bot8078121735:AAFN_wdDGW16o8EMaxqFSyuBV2rzaZZjXtI/getUpdates "HTTP/1.1 200 OK"
2025-12-14 06:14:00,748 - httpx - INFO - HTTP Request: POST https://api.telegram.org/bot8078121735:AAFN_wdDGW16o8EMaxqFSyuBV2rzaZZjXtI/sendMessage "HTTP/1.1 200 OK"
2025-12-14 06:14:01,110 - httpx - INFO - HTTP Request: POST https://api.telegram.org/bot8078121735:AAFN_wdDGW16o8EMaxqFSyuBV2rzaZZjXtI/sendMessage "HTTP/1.1 200 OK"
2025-12-14 06:14:04,095 - httpx - INFO - HTTP Request: POST https://api.telegram.org/bot8078121735:AAFN_wdDGW16o8EMaxqFSyuBV2rzaZZjXtI/getUpdates "HTTP/1.1 200 OK"
2025-12-14 06:14:04,459 - httpx - INFO - HTTP Request: POST https://api.telegram.org/bot8078121735:AAFN_wdDGW16o8EMaxqFSyuBV2rzaZZjXtI/sendMessage "HTTP/1.1 200 OK"
2025-12-14 06:14:04,833 - httpx - INFO - HTTP Request: POST https://api.telegram.org/bot8078121735:AAFN_wdDGW16o8EMaxqFSyuBV2rzaZZjXtI/sendMessage "HTTP/1.1 200 OK"
2025-12-14 06:14:06,346 - httpx - INFO - HTTP Request: POST https://api.telegram.org/bot8078121735:AAFN_wdDGW16o8EMaxqFSyuBV2rzaZZjXtI/getUpdates "HTTP/1.1 200 OK"
2025-12-14 06:14:06,724 - httpx - INFO - HTTP Request: POST https://api.telegram.org/bot8078121735:AAFN_wdDGW16o8EMaxqFSyuBV2rzaZZjXtI/sendMessage "HTTP/1.1 200 OK"
2025-12-14 06:14:07,081 - httpx - INFO - HTTP Request: POST https://api.telegram.org/bot8078121735:AAFN_wdDGW16o8EMaxqFSyuBV2rzaZZjXtI/sendMessage "HTTP/1.1 200 OK"
2025-12-14 06:14:08,395 - httpx - INFO - HTTP Request: POST https://api.telegram.org/bot8078121735:AAFN_wdDGW16o8EMaxqFSyuBV2rzaZZjXtI/getUpdates "HTTP/1.1 200 OK"
2025-12-14 06:14:08,802 - httpx - INFO - HTTP Request: POST https://api.telegram.org/bot8078121735:AAFN_wdDGW16o8EMaxqFSyuBV2rzaZZjXtI/sendMessage "HTTP/1.1 200 OK"
2025-12-14 06:14:10,289 - httpx - INFO - HTTP Request: POST https://api.telegram.org/bot8078121735:AAFN_wdDGW16o8EMaxqFSyuBV2rzaZZjXtI/getUpdates "HTTP/1.1 200 OK"
2025-12-14 06:14:10,705 - httpx - INFO - HTTP Request: POST https://api.telegram.org/bot8078121735:AAFN_wdDGW16o8EMaxqFSyuBV2rzaZZjXtI/sendMessage "HTTP/1.1 200 OK"
2025-12-14 06:14:11,093 - httpx - INFO - HTTP Request: POST https://api.telegram.org/bot8078121735:AAFN_wdDGW16o8EMaxqFSyuBV2rzaZZjXtI/sendMessage "HTTP/1.1 200 OK"
2025-12-14 06:14:11,472 - httpx - INFO - HTTP Request: POST https://api.telegram.org/bot8078121735:AAFN_wdDGW16o8EMaxqFSyuBV2rzaZZjXtI/sendMessage "HTTP/1.1 200 OK"
2025-12-14 06:14:11,857 - httpx - INFO - HTTP Request: POST https://api.telegram.org/bot8078121735:AAFN_wdDGW16o8EMaxqFSyuBV2rzaZZjXtI/sendMessage "HTTP/1.1 200 OK"
2025-12-14 06:14:12,227 - httpx - INFO - HTTP Request: POST https://api.telegram.org/bot8078121735:AAFN_wdDGW16o8EMaxqFSyuBV2rzaZZjXtI/sendMessage "HTTP/1.1 200 OK"
2025-12-14 06:14:12,594 - httpx - INFO - HTTP Request: POST https://api.telegram.org/bot8078121735:AAFN_wdDGW16o8EMaxqFSyuBV2rzaZZjXtI/sendMessage "HTTP/1.1 200 OK"
2025-12-14 06:14:20,648 - httpx - INFO - HTTP Request: POST https://api.telegram.org/bot8078121735:AAFN_wdDGW16o8EMaxqFSyuBV2rzaZZjXtI/getUpdates "HTTP/1.1 200 OK"
2025-12-14 06:14:24,175 - httpx - INFO - HTTP Request: POST https://api.telegram.org/bot8078121735:AAFN_wdDGW16o8EMaxqFSyuBV2rzaZZjXtI/getUpdates "HTTP/1.1 200 OK"
2025-12-14 06:14:24,176 - telegram.ext.Application - INFO - Application is stopping. This might take a moment.
2025-12-14 06:14:24,176 - telegram.ext.Application - INFO - Application.stop() complete
2025-12-14 06:14:54,063 - __main__ - INFO - Starting bot...
2025-12-14 06:14:55,406 - httpx - INFO - HTTP Request: POST https://api.telegram.org/bot8078121735:AAFN_wdDGW16o8EMaxqFSyuBV2rzaZZjXtI/getMe "HTTP/1.1 200 OK"
2025-12-14 06:14:55,729 - httpx - INFO - HTTP Request: POST https://api.telegram.org/bot8078121735:AAFN_wdDGW16o8EMaxqFSyuBV2rzaZZjXtI/deleteWebhook "HTTP/1.1 200 OK"
2025-12-14 06:14:55,733 - telegram.ext.Application - INFO - Application started
2025-12-14 06:14:58,264 - httpx - INFO - HTTP Request: POST https://api.telegram.org/bot8078121735:AAFN_wdDGW16o8EMaxqFSyuBV2rzaZZjXtI/getUpdates "HTTP/1.1 200 OK"
2025-12-14 06:14:58,608 - httpx - INFO - HTTP Request: POST https://api.telegram.org/bot8078121735:AAFN_wdDGW16o8EMaxqFSyuBV2rzaZZjXtI/sendMessage "HTTP/1.1 200 OK"
2025-12-14 06:14:58,949 - httpx - INFO - HTTP Request: POST https://api.telegram.org/bot8078121735:AAFN_wdDGW16o8EMaxqFSyuBV2rzaZZjXtI/sendMessage "HTTP/1.1 200 OK"
2025-12-14 06:15:00,516 - httpx - INFO - HTTP Request: POST https://api.telegram.org/bot8078121735:AAFN_wdDGW16o8EMaxqFSyuBV2rzaZZjXtI/getUpdates "HTTP/1.1 200 OK"
2025-12-14 06:15:00,873 - httpx - INFO - HTTP Request: POST https://api.telegram.org/bot8078121735:AAFN_wdDGW16o8EMaxqFSyuBV2rzaZZjXtI/sendMessage "HTTP/1.1 200 OK"
2025-12-14 06:15:01,229 - httpx - INFO - HTTP Request: POST https://api.telegram.org/bot8078121735:AAFN_wdDGW16o8EMaxqFSyuBV2rzaZZjXtI/sendMessage "HTTP/1.1 200 OK"
2025-12-14 06:15:01,579 - httpx - INFO - HTTP Request: POST https://api.telegram.org/bot8078121735:AAFN_wdDGW16o8EMaxqFSyuBV2rzaZZjXtI/sendMessage "HTTP/1.1 200 OK"
2025-12-14 06:15:01,924 - httpx - INFO - HTTP Request: POST https://api.telegram.org/bot8078121735:AAFN_wdDGW16o8EMaxqFSyuBV2rzaZZjXtI/sendMessage "HTTP/1.1 200 OK"
2025-12-14 06:15:02,271 - httpx - INFO - HTTP Request: POST https://api.telegram.org/bot8078121735:AAFN_wdDGW16o8EMaxqFSyuBV2rzaZZjXtI/sendMessage "HTTP/1.1 200 OK"
2025-12-14 06:15:02,616 - httpx - INFO - HTTP Request: POST https://api.telegram.org/bot8078121735:AAFN_wdDGW16o8EMaxqFSyuBV2rzaZZjXtI/sendMessage "HTTP/1.1 200 OK"
2025-12-14 06:15:05,231 - httpx - INFO - HTTP Request: POST https://api.telegram.org/bot8078121735:AAFN_wdDGW16o8EMaxqFSyuBV2rzaZZjXtI/getUpdates "HTTP/1.1 200 OK"
2025-12-14 06:15:05,940 - httpx - INFO - HTTP Request: POST https://api.telegram.org/bot8078121735:AAFN_wdDGW16o8EMaxqFSyuBV2rzaZZjXtI/answerCallbackQuery "HTTP/1.1 200 OK"
2025-12-14 06:15:06,291 - httpx - INFO - HTTP Request: POST https://api.telegram.org/bot8078121735:AAFN_wdDGW16o8EMaxqFSyuBV2rzaZZjXtI/sendMessage "HTTP/1.1 200 OK"
2025-12-14 06:15:06,645 - httpx - INFO - HTTP Request: POST https://api.telegram.org/bot8078121735:AAFN_wdDGW16o8EMaxqFSyuBV2rzaZZjXtI/sendMessage "HTTP/1.1 200 OK"
2025-12-14 06:15:13,789 - httpx - INFO - HTTP Request: POST https://api.telegram.org/bot8078121735:AAFN_wdDGW16o8EMaxqFSyuBV2rzaZZjXtI/getUpdates "HTTP/1.1 200 OK"
2025-12-14 06:15:15,372 - httpx - INFO - HTTP Request: POST https://api.telegram.org/bot8078121735:AAFN_wdDGW16o8EMaxqFSyuBV2rzaZZjXtI/getFile "HTTP/1.1 200 OK"
2025-12-14 06:15:15,748 - httpx - INFO - HTTP Request: GET https://api.telegram.org/file/bot8078121735%3AAAFN_wdDGW16o8EMaxqFSyuBV2rzaZZjXtI/photos/file_754.jpg "HTTP/1.1 200 OK"
2025-12-14 06:15:16,487 - httpx - INFO - HTTP Request: POST https://api.telegram.org/bot8078121735:AAFN_wdDGW16o8EMaxqFSyuBV2rzaZZjXtI/sendMessage "HTTP/1.1 200 OK"
2025-12-14 06:15:16,814 - httpx - INFO - HTTP Request: POST https://api.telegram.org/bot8078121735:AAFN_wdDGW16o8EMaxqFSyuBV2rzaZZjXtI/deleteMessage "HTTP/1.1 200 OK"
2025-12-14 06:15:17,138 - httpx - INFO - HTTP Request: POST https://api.telegram.org/bot8078121735:AAFN_wdDGW16o8EMaxqFSyuBV2rzaZZjXtI/deleteMessage "HTTP/1.1 200 OK"
2025-12-14 06:15:17,461 - httpx - INFO - HTTP Request: POST https://api.telegram.org/bot8078121735:AAFN_wdDGW16o8EMaxqFSyuBV2rzaZZjXtI/deleteMessage "HTTP/1.1 200 OK"
2025-12-14 06:15:24,126 - httpx - INFO - HTTP Request: POST https://api.telegram.org/bot8078121735:AAFN_wdDGW16o8EMaxqFSyuBV2rzaZZjXtI/getUpdates "HTTP/1.1 200 OK"
2025-12-14 06:15:34,523 - httpx - INFO - HTTP Request: POST https://api.telegram.org/bot8078121735:AAFN_wdDGW16o8EMaxqFSyuBV2rzaZZjXtI/getUpdates "HTTP/1.1 200 OK"
2025-12-14 06:15:44,856 - httpx - INFO - HTTP Request: POST https://api.telegram.org/bot8078121735:AAFN_wdDGW16o8EMaxqFSyuBV2rzaZZjXtI/getUpdates "HTTP/1.1 200 OK"
2025-12-14 06:15:51,330 - httpx - INFO - HTTP Request: POST https://api.telegram.org/bot8078121735:AAFN_wdDGW16o8EMaxqFSyuBV2rzaZZjXtI/getUpdates "HTTP/1.1 200 OK"
2025-12-14 06:15:52,562 - httpx - INFO - HTTP Request: POST https://api.telegram.org/bot8078121735:AAFN_wdDGW16o8EMaxqFSyuBV2rzaZZjXtI/sendMessage "HTTP/1.1 200 OK"
2025-12-14 06:15:53,957 - httpx - INFO - HTTP Request: POST https://api.telegram.org/bot8078121735:AAFN_wdDGW16o8EMaxqFSyuBV2rzaZZjXtI/getUpdates "HTTP/1.1 200 OK"
2025-12-14 06:15:54,287 - httpx - INFO - HTTP Request: POST https://api.telegram.org/bot8078121735:AAFN_wdDGW16o8EMaxqFSyuBV2rzaZZjXtI/sendMessage "HTTP/1.1 200 OK"
2025-12-14 06:15:54,628 - httpx - INFO - HTTP Request: POST https://api.telegram.org/bot8078121735:AAFN_wdDGW16o8EMaxqFSyuBV2rzaZZjXtI/sendMessage "HTTP/1.1 200 OK"
2025-12-14 06:15:57,631 - httpx - INFO - HTTP Request: POST https://api.telegram.org/bot8078121735:AAFN_wdDGW16o8EMaxqFSyuBV2rzaZZjXtI/getUpdates "HTTP/1.1 200 OK"
2025-12-14 06:15:57,985 - httpx - INFO - HTTP Request: POST https://api.telegram.org/bot8078121735:AAFN_wdDGW16o8EMaxqFSyuBV2rzaZZjXtI/sendMessage "HTTP/1.1 200 OK"
2025-12-14 06:15:58,325 - httpx - INFO - HTTP Request: POST https://api.telegram.org/bot8078121735:AAFN_wdDGW16o8EMaxqFSyuBV2rzaZZjXtI/sendMessage "HTTP/1.1 200 OK"
2025-12-14 06:15:59,908 - httpx - INFO - HTTP Request: POST https://api.telegram.org/bot8078121735:AAFN_wdDGW16o8EMaxqFSyuBV2rzaZZjXtI/getUpdates "HTTP/1.1 200 OK"
2025-12-14 06:16:02,161 - httpx - INFO - HTTP Request: POST https://api.telegram.org/bot8078121735:AAFN_wdDGW16o8EMaxqFSyuBV2rzaZZjXtI/sendVideo "HTTP/1.1 200 OK"
2025-12-14 06:16:03,031 - httpx - INFO - HTTP Request: POST https://api.telegram.org/bot8078121735:AAFN_wdDGW16o8EMaxqFSyuBV2rzaZZjXtI/getUpdates "HTTP/1.1 200 OK"
2025-12-14 06:16:03,371 - httpx - INFO - HTTP Request: POST https://api.telegram.org/bot8078121735:AAFN_wdDGW16o8EMaxqFSyuBV2rzaZZjXtI/sendMessage "HTTP/1.1 200 OK"
2025-12-14 06:16:06,269 - httpx - INFO - HTTP Request: POST https://api.telegram.org/bot8078121735:AAFN_wdDGW16o8EMaxqFSyuBV2rzaZZjXtI/getUpdates "HTTP/1.1 200 OK"
2025-12-14 06:16:06,626 - httpx - INFO - HTTP Request: POST https://api.telegram.org/bot8078121735:AAFN_wdDGW16o8EMaxqFSyuBV2rzaZZjXtI/sendMessage "HTTP/1.1 200 OK"
2025-12-14 06:16:14,027 - httpx - INFO - HTTP Request: POST https://api.telegram.org/bot8078121735:AAFN_wdDGW16o8EMaxqFSyuBV2rzaZZjXtI/getUpdates "HTTP/1.1 200 OK"
2025-12-14 06:16:14,029 - telegram.ext.Application - INFO - Application is stopping. This might take a moment.
2025-12-14 06:16:14,029 - telegram.ext.Application - INFO - Application.stop() complete
